2022-08-09 10:36:38.8299||||Microsoft.Hosting.Lifetime|INFO|Application started. Press Ctrl+C to shut down. 
2022-08-09 10:36:39.0067||||Microsoft.Hosting.Lifetime|INFO|Hosting environment: Development 
2022-08-09 10:36:39.0246||||Microsoft.Hosting.Lifetime|INFO|Content root path: C:\Users\ttrushel\Desktop\MovieTheaterTech\MovieTheaterTech 
2022-08-09 11:42:35.0950||||Microsoft.Hosting.Lifetime|INFO|Application started. Press Ctrl+C to shut down. 
2022-08-09 11:42:35.2826||||Microsoft.Hosting.Lifetime|INFO|Hosting environment: Development 
2022-08-09 11:42:35.2987||||Microsoft.Hosting.Lifetime|INFO|Content root path: C:\Users\ttrushel\Desktop\MovieTheaterTech\MovieTheaterTech 
2022-08-09 11:46:09.8994||||Microsoft.Hosting.Lifetime|INFO|Application started. Press Ctrl+C to shut down. 
2022-08-09 11:46:10.0209||||Microsoft.Hosting.Lifetime|INFO|Hosting environment: Development 
2022-08-09 11:46:10.0348||||Microsoft.Hosting.Lifetime|INFO|Content root path: C:\Users\ttrushel\Desktop\MovieTheaterTech\MovieTheaterTech 
2022-08-09 12:07:26.2140|Default|00-b3db752c7b60b6bfafa0d3eafbce3d01-240e34d0e888bec9-00||Microsoft.AspNetCore.Diagnostics.DeveloperExceptionPageMiddleware|ERROR|An unhandled exception has occurred while executing the request. System.Exception: Shape type 'Content_Movies in theaters now!' not found
   at OrchardCore.DisplayManagement.Implementation.DefaultHtmlDisplay.ExecuteAsync(DisplayContext context)
   at OrchardCore.DisplayManagement.Implementation.DefaultHtmlDisplay.ExecuteAsync(DisplayContext context)
   at AspNetCoreGeneratedDocument.Views_BagPart.ExecuteAsync()
   at Microsoft.AspNetCore.Mvc.Razor.RazorView.RenderPageCoreAsync(IRazorPage page, ViewContext context)
   at Microsoft.AspNetCore.Mvc.Razor.RazorView.RenderPageAsync(IRazorPage page, ViewContext context, Boolean invokeViewStarts)
   at Microsoft.AspNetCore.Mvc.Razor.RazorView.RenderAsync(ViewContext context)
   at Microsoft.AspNetCore.Mvc.ViewFeatures.HtmlHelper.RenderPartialCoreAsync(String partialViewName, Object model, ViewDataDictionary viewData, TextWriter writer)
   at Microsoft.AspNetCore.Mvc.ViewFeatures.HtmlHelper.PartialAsync(String partialViewName, Object model, ViewDataDictionary viewData)
   at OrchardCore.DisplayManagement.Implementation.DefaultHtmlDisplay.<ProcessAsync>g__Awaited|11_0(Task`1 task)
   at OrchardCore.DisplayManagement.Implementation.DefaultHtmlDisplay.ExecuteAsync(DisplayContext context)
   at OrchardCore.DisplayManagement.Implementation.DefaultHtmlDisplay.ExecuteAsync(DisplayContext context)
   at OrchardCore.DisplayManagement.Zones.ZoneShapes.ContentZone(IDisplayHelper DisplayAsync, Object Shape, IShapeFactory ShapeFactory)
   at OrchardCore.DisplayManagement.Implementation.DefaultHtmlDisplay.<ProcessAsync>g__Awaited|11_0(Task`1 task)
   at OrchardCore.DisplayManagement.Implementation.DefaultHtmlDisplay.ExecuteAsync(DisplayContext context)
   at OrchardCore.DisplayManagement.Implementation.DefaultHtmlDisplay.ExecuteAsync(DisplayContext context)
   at OrchardCore.DisplayManagement.Liquid.Filters.ShapeRenderFilter.<ProcessAsync>g__Awaited|2_0(Task`1 task)
   at Fluid.Ast.FilterExpression.EvaluateAsync(TemplateContext context)
   at Fluid.Ast.OutputStatement.<WriteToAsync>g__Awaited|7_0(ValueTask`1 t, TextWriter w, TextEncoder enc, TemplateContext ctx)
   at Fluid.Parser.FluidTemplate.Awaited(ValueTask`1 task, TextWriter writer, TextEncoder encoder, TemplateContext context, IReadOnlyList`1 statements, Int32 startIndex)
   at OrchardCore.DisplayManagement.Liquid.LiquidViewTemplate.RenderAsync(RazorPage`1 page)
   at Microsoft.AspNetCore.Mvc.Razor.RazorView.RenderPageCoreAsync(IRazorPage page, ViewContext context)
   at Microsoft.AspNetCore.Mvc.Razor.RazorView.RenderPageAsync(IRazorPage page, ViewContext context, Boolean invokeViewStarts)
   at Microsoft.AspNetCore.Mvc.Razor.RazorView.RenderAsync(ViewContext context)
   at Microsoft.AspNetCore.Mvc.ViewFeatures.HtmlHelper.RenderPartialCoreAsync(String partialViewName, Object model, ViewDataDictionary viewData, TextWriter writer)
   at Microsoft.AspNetCore.Mvc.ViewFeatures.HtmlHelper.PartialAsync(String partialViewName, Object model, ViewDataDictionary viewData)
   at OrchardCore.DisplayManagement.Implementation.DefaultHtmlDisplay.<ProcessAsync>g__Awaited|11_0(Task`1 task)
   at OrchardCore.DisplayManagement.Implementation.DefaultHtmlDisplay.ExecuteAsync(DisplayContext context)
   at OrchardCore.DisplayManagement.Implementation.DefaultHtmlDisplay.ExecuteAsync(DisplayContext context)
   at CallSite.Target(Closure , CallSite , Object )
   at AspNetCoreGeneratedDocument.Views_Item_Display.ExecuteAsync()
   at Microsoft.AspNetCore.Mvc.Razor.RazorView.RenderPageCoreAsync(IRazorPage page, ViewContext context)
   at Microsoft.AspNetCore.Mvc.Razor.RazorView.RenderPageAsync(IRazorPage page, ViewContext context, Boolean invokeViewStarts)
   at Microsoft.AspNetCore.Mvc.Razor.RazorView.RenderAsync(ViewContext context)
   at Microsoft.AspNetCore.Mvc.ViewFeatures.ViewExecutor.ExecuteAsync(ViewContext viewContext, String contentType, Nullable`1 statusCode)
   at Microsoft.AspNetCore.Mvc.ViewFeatures.ViewExecutor.ExecuteAsync(ViewContext viewContext, String contentType, Nullable`1 statusCode)
   at Microsoft.AspNetCore.Mvc.ViewFeatures.ViewExecutor.ExecuteAsync(ActionContext actionContext, IView view, ViewDataDictionary viewData, ITempDataDictionary tempData, String contentType, Nullable`1 statusCode)
   at Microsoft.AspNetCore.Mvc.ViewFeatures.ViewResultExecutor.ExecuteAsync(ActionContext context, ViewResult result)
   at Microsoft.AspNetCore.Mvc.ViewResult.ExecuteResultAsync(ActionContext context)
   at Microsoft.AspNetCore.Mvc.Infrastructure.ResourceInvoker.<InvokeNextResultFilterAsync>g__Awaited|30_0[TFilter,TFilterAsync](ResourceInvoker invoker, Task lastTask, State next, Scope scope, Object state, Boolean isCompleted)
   at Microsoft.AspNetCore.Mvc.Infrastructure.ResourceInvoker.Rethrow(ResultExecutedContextSealed context)
   at Microsoft.AspNetCore.Mvc.Infrastructure.ResourceInvoker.ResultNext[TFilter,TFilterAsync](State& next, Scope& scope, Object& state, Boolean& isCompleted)
   at Microsoft.AspNetCore.Mvc.Infrastructure.ResourceInvoker.InvokeResultFilters()
--- End of stack trace from previous location ---
   at Microsoft.AspNetCore.Mvc.Infrastructure.ResourceInvoker.<InvokeNextResourceFilter>g__Awaited|25_0(ResourceInvoker invoker, Task lastTask, State next, Scope scope, Object state, Boolean isCompleted)
   at Microsoft.AspNetCore.Mvc.Infrastructure.ResourceInvoker.Rethrow(ResourceExecutedContextSealed context)
   at Microsoft.AspNetCore.Mvc.Infrastructure.ResourceInvoker.Next(State& next, Scope& scope, Object& state, Boolean& isCompleted)
   at Microsoft.AspNetCore.Mvc.Infrastructure.ResourceInvoker.<InvokeFilterPipelineAsync>g__Awaited|20_0(ResourceInvoker invoker, Task lastTask, State next, Scope scope, Object state, Boolean isCompleted)
   at Microsoft.AspNetCore.Mvc.Infrastructure.ResourceInvoker.<InvokeAsync>g__Awaited|17_0(ResourceInvoker invoker, Task task, IDisposable scope)
   at Microsoft.AspNetCore.Mvc.Infrastructure.ResourceInvoker.<InvokeAsync>g__Awaited|17_0(ResourceInvoker invoker, Task task, IDisposable scope)
   at Microsoft.AspNetCore.Routing.EndpointMiddleware.<Invoke>g__AwaitRequestTask|6_0(Endpoint endpoint, Task requestTask, ILogger logger)
   at SixLabors.ImageSharp.Web.Middleware.ImageSharpMiddleware.Invoke(HttpContext httpContext, Boolean retry)
   at Microsoft.AspNetCore.Authorization.AuthorizationMiddleware.Invoke(HttpContext context)
   at OrchardCore.Liquid.ScriptsMiddleware.Invoke(HttpContext httpContext)
   at Microsoft.AspNetCore.Authentication.AuthenticationMiddleware.Invoke(HttpContext context)
   at OrchardCore.Diagnostics.DiagnosticsStartupFilter.<>c__DisplayClass3_0.<<Configure>b__1>d.MoveNext()
--- End of stack trace from previous location ---
   at Microsoft.AspNetCore.Diagnostics.StatusCodePagesMiddleware.Invoke(HttpContext context)
   at OrchardCore.ContentPreview.PreviewStartupFilter.<>c.<<Configure>b__1_1>d.MoveNext()
--- End of stack trace from previous location ---
   at OrchardCore.Modules.ModularTenantRouterMiddleware.Invoke(HttpContext httpContext)
   at OrchardCore.Modules.ModularTenantContainerMiddleware.<>c__DisplayClass4_0.<<Invoke>b__0>d.MoveNext()
--- End of stack trace from previous location ---
   at OrchardCore.Environment.Shell.Scope.ShellScope.UsingAsync(Func`2 execute, Boolean activateShell)
   at OrchardCore.Environment.Shell.Scope.ShellScope.UsingAsync(Func`2 execute, Boolean activateShell)
   at OrchardCore.Environment.Shell.Scope.ShellScope.UsingAsync(Func`2 execute, Boolean activateShell)
   at OrchardCore.Environment.Shell.Scope.ShellScope.UsingAsync(Func`2 execute, Boolean activateShell)
   at OrchardCore.Modules.ModularTenantContainerMiddleware.Invoke(HttpContext httpContext)
   at Microsoft.AspNetCore.Diagnostics.DeveloperExceptionPageMiddleware.Invoke(HttpContext context)    at OrchardCore.DisplayManagement.Implementation.DefaultHtmlDisplay.ExecuteAsync(DisplayContext context)
   at OrchardCore.DisplayManagement.Implementation.DefaultHtmlDisplay.ExecuteAsync(DisplayContext context)
   at AspNetCoreGeneratedDocument.Views_BagPart.ExecuteAsync()
   at Microsoft.AspNetCore.Mvc.Razor.RazorView.RenderPageCoreAsync(IRazorPage page, ViewContext context)
   at Microsoft.AspNetCore.Mvc.Razor.RazorView.RenderPageAsync(IRazorPage page, ViewContext context, Boolean invokeViewStarts)
   at Microsoft.AspNetCore.Mvc.Razor.RazorView.RenderAsync(ViewContext context)
   at Microsoft.AspNetCore.Mvc.ViewFeatures.HtmlHelper.RenderPartialCoreAsync(String partialViewName, Object model, ViewDataDictionary viewData, TextWriter writer)
   at Microsoft.AspNetCore.Mvc.ViewFeatures.HtmlHelper.PartialAsync(String partialViewName, Object model, ViewDataDictionary viewData)
   at OrchardCore.DisplayManagement.Implementation.DefaultHtmlDisplay.<ProcessAsync>g__Awaited|11_0(Task`1 task)
   at OrchardCore.DisplayManagement.Implementation.DefaultHtmlDisplay.ExecuteAsync(DisplayContext context)
   at OrchardCore.DisplayManagement.Implementation.DefaultHtmlDisplay.ExecuteAsync(DisplayContext context)
   at OrchardCore.DisplayManagement.Zones.ZoneShapes.ContentZone(IDisplayHelper DisplayAsync, Object Shape, IShapeFactory ShapeFactory)
   at OrchardCore.DisplayManagement.Implementation.DefaultHtmlDisplay.<ProcessAsync>g__Awaited|11_0(Task`1 task)
   at OrchardCore.DisplayManagement.Implementation.DefaultHtmlDisplay.ExecuteAsync(DisplayContext context)
   at OrchardCore.DisplayManagement.Implementation.DefaultHtmlDisplay.ExecuteAsync(DisplayContext context)
   at OrchardCore.DisplayManagement.Liquid.Filters.ShapeRenderFilter.<ProcessAsync>g__Awaited|2_0(Task`1 task)
   at Fluid.Ast.FilterExpression.EvaluateAsync(TemplateContext context)
   at Fluid.Ast.OutputStatement.<WriteToAsync>g__Awaited|7_0(ValueTask`1 t, TextWriter w, TextEncoder enc, TemplateContext ctx)
   at Fluid.Parser.FluidTemplate.Awaited(ValueTask`1 task, TextWriter writer, TextEncoder encoder, TemplateContext context, IReadOnlyList`1 statements, Int32 startIndex)
   at OrchardCore.DisplayManagement.Liquid.LiquidViewTemplate.RenderAsync(RazorPage`1 page)
   at Microsoft.AspNetCore.Mvc.Razor.RazorView.RenderPageCoreAsync(IRazorPage page, ViewContext context)
   at Microsoft.AspNetCore.Mvc.Razor.RazorView.RenderPageAsync(IRazorPage page, ViewContext context, Boolean invokeViewStarts)
   at Microsoft.AspNetCore.Mvc.Razor.RazorView.RenderAsync(ViewContext context)
   at Microsoft.AspNetCore.Mvc.ViewFeatures.HtmlHelper.RenderPartialCoreAsync(String partialViewName, Object model, ViewDataDictionary viewData, TextWriter writer)
   at Microsoft.AspNetCore.Mvc.ViewFeatures.HtmlHelper.PartialAsync(String partialViewName, Object model, ViewDataDictionary viewData)
   at OrchardCore.DisplayManagement.Implementation.DefaultHtmlDisplay.<ProcessAsync>g__Awaited|11_0(Task`1 task)
   at OrchardCore.DisplayManagement.Implementation.DefaultHtmlDisplay.ExecuteAsync(DisplayContext context)
   at OrchardCore.DisplayManagement.Implementation.DefaultHtmlDisplay.ExecuteAsync(DisplayContext context)
   at CallSite.Target(Closure , CallSite , Object )
   at AspNetCoreGeneratedDocument.Views_Item_Display.ExecuteAsync()
   at Microsoft.AspNetCore.Mvc.Razor.RazorView.RenderPageCoreAsync(IRazorPage page, ViewContext context)
   at Microsoft.AspNetCore.Mvc.Razor.RazorView.RenderPageAsync(IRazorPage page, ViewContext context, Boolean invokeViewStarts)
   at Microsoft.AspNetCore.Mvc.Razor.RazorView.RenderAsync(ViewContext context)
   at Microsoft.AspNetCore.Mvc.ViewFeatures.ViewExecutor.ExecuteAsync(ViewContext viewContext, String contentType, Nullable`1 statusCode)
   at Microsoft.AspNetCore.Mvc.ViewFeatures.ViewExecutor.ExecuteAsync(ViewContext viewContext, String contentType, Nullable`1 statusCode)
   at Microsoft.AspNetCore.Mvc.ViewFeatures.ViewExecutor.ExecuteAsync(ActionContext actionContext, IView view, ViewDataDictionary viewData, ITempDataDictionary tempData, String contentType, Nullable`1 statusCode)
   at Microsoft.AspNetCore.Mvc.ViewFeatures.ViewResultExecutor.ExecuteAsync(ActionContext context, ViewResult result)
   at Microsoft.AspNetCore.Mvc.ViewResult.ExecuteResultAsync(ActionContext context)
   at Microsoft.AspNetCore.Mvc.Infrastructure.ResourceInvoker.<InvokeNextResultFilterAsync>g__Awaited|30_0[TFilter,TFilterAsync](ResourceInvoker invoker, Task lastTask, State next, Scope scope, Object state, Boolean isCompleted)
   at Microsoft.AspNetCore.Mvc.Infrastructure.ResourceInvoker.Rethrow(ResultExecutedContextSealed context)
   at Microsoft.AspNetCore.Mvc.Infrastructure.ResourceInvoker.ResultNext[TFilter,TFilterAsync](State& next, Scope& scope, Object& state, Boolean& isCompleted)
   at Microsoft.AspNetCore.Mvc.Infrastructure.ResourceInvoker.InvokeResultFilters()
--- End of stack trace from previous location ---
   at Microsoft.AspNetCore.Mvc.Infrastructure.ResourceInvoker.<InvokeNextResourceFilter>g__Awaited|25_0(ResourceInvoker invoker, Task lastTask, State next, Scope scope, Object state, Boolean isCompleted)
   at Microsoft.AspNetCore.Mvc.Infrastructure.ResourceInvoker.Rethrow(ResourceExecutedContextSealed context)
   at Microsoft.AspNetCore.Mvc.Infrastructure.ResourceInvoker.Next(State& next, Scope& scope, Object& state, Boolean& isCompleted)
   at Microsoft.AspNetCore.Mvc.Infrastructure.ResourceInvoker.<InvokeFilterPipelineAsync>g__Awaited|20_0(ResourceInvoker invoker, Task lastTask, State next, Scope scope, Object state, Boolean isCompleted)
   at Microsoft.AspNetCore.Mvc.Infrastructure.ResourceInvoker.<InvokeAsync>g__Awaited|17_0(ResourceInvoker invoker, Task task, IDisposable scope)
   at Microsoft.AspNetCore.Mvc.Infrastructure.ResourceInvoker.<InvokeAsync>g__Awaited|17_0(ResourceInvoker invoker, Task task, IDisposable scope)
   at Microsoft.AspNetCore.Routing.EndpointMiddleware.<Invoke>g__AwaitRequestTask|6_0(Endpoint endpoint, Task requestTask, ILogger logger)
   at SixLabors.ImageSharp.Web.Middleware.ImageSharpMiddleware.Invoke(HttpContext httpContext, Boolean retry)
   at Microsoft.AspNetCore.Authorization.AuthorizationMiddleware.Invoke(HttpContext context)
   at OrchardCore.Liquid.ScriptsMiddleware.Invoke(HttpContext httpContext)
   at Microsoft.AspNetCore.Authentication.AuthenticationMiddleware.Invoke(HttpContext context)
   at OrchardCore.Diagnostics.DiagnosticsStartupFilter.<>c__DisplayClass3_0.<<Configure>b__1>d.MoveNext()
--- End of stack trace from previous location ---
   at Microsoft.AspNetCore.Diagnostics.StatusCodePagesMiddleware.Invoke(HttpContext context)
   at OrchardCore.ContentPreview.PreviewStartupFilter.<>c.<<Configure>b__1_1>d.MoveNext()
--- End of stack trace from previous location ---
   at OrchardCore.Modules.ModularTenantRouterMiddleware.Invoke(HttpContext httpContext)
   at OrchardCore.Modules.ModularTenantContainerMiddleware.<>c__DisplayClass4_0.<<Invoke>b__0>d.MoveNext()
--- End of stack trace from previous location ---
   at OrchardCore.Environment.Shell.Scope.ShellScope.UsingAsync(Func`2 execute, Boolean activateShell)
   at OrchardCore.Environment.Shell.Scope.ShellScope.UsingAsync(Func`2 execute, Boolean activateShell)
   at OrchardCore.Environment.Shell.Scope.ShellScope.UsingAsync(Func`2 execute, Boolean activateShell)
   at OrchardCore.Environment.Shell.Scope.ShellScope.UsingAsync(Func`2 execute, Boolean activateShell)
   at OrchardCore.Modules.ModularTenantContainerMiddleware.Invoke(HttpContext httpContext)
   at Microsoft.AspNetCore.Diagnostics.DeveloperExceptionPageMiddleware.Invoke(HttpContext context)
2022-08-09 12:09:14.8806|Default|00-7d195fbe63e81e1ac1465f6807609c94-455b2784e1a87e22-00||Microsoft.AspNetCore.Diagnostics.DeveloperExceptionPageMiddleware|ERROR|An unhandled exception has occurred while executing the request. System.Exception: Shape type 'Content_Movies in theaters now!' not found
   at OrchardCore.DisplayManagement.Implementation.DefaultHtmlDisplay.ExecuteAsync(DisplayContext context)
   at OrchardCore.DisplayManagement.Implementation.DefaultHtmlDisplay.ExecuteAsync(DisplayContext context)
   at AspNetCoreGeneratedDocument.Views_BagPart.ExecuteAsync()
   at Microsoft.AspNetCore.Mvc.Razor.RazorView.RenderPageCoreAsync(IRazorPage page, ViewContext context)
   at Microsoft.AspNetCore.Mvc.Razor.RazorView.RenderPageAsync(IRazorPage page, ViewContext context, Boolean invokeViewStarts)
   at Microsoft.AspNetCore.Mvc.Razor.RazorView.RenderAsync(ViewContext context)
   at Microsoft.AspNetCore.Mvc.ViewFeatures.HtmlHelper.RenderPartialCoreAsync(String partialViewName, Object model, ViewDataDictionary viewData, TextWriter writer)
   at Microsoft.AspNetCore.Mvc.ViewFeatures.HtmlHelper.PartialAsync(String partialViewName, Object model, ViewDataDictionary viewData)
   at OrchardCore.DisplayManagement.Implementation.DefaultHtmlDisplay.<ProcessAsync>g__Awaited|11_0(Task`1 task)
   at OrchardCore.DisplayManagement.Implementation.DefaultHtmlDisplay.ExecuteAsync(DisplayContext context)
   at OrchardCore.DisplayManagement.Implementation.DefaultHtmlDisplay.ExecuteAsync(DisplayContext context)
   at OrchardCore.DisplayManagement.Zones.ZoneShapes.ContentZone(IDisplayHelper DisplayAsync, Object Shape, IShapeFactory ShapeFactory)
   at OrchardCore.DisplayManagement.Implementation.DefaultHtmlDisplay.<ProcessAsync>g__Awaited|11_0(Task`1 task)
   at OrchardCore.DisplayManagement.Implementation.DefaultHtmlDisplay.ExecuteAsync(DisplayContext context)
   at OrchardCore.DisplayManagement.Implementation.DefaultHtmlDisplay.ExecuteAsync(DisplayContext context)
   at OrchardCore.DisplayManagement.Liquid.Filters.ShapeRenderFilter.<ProcessAsync>g__Awaited|2_0(Task`1 task)
   at Fluid.Ast.FilterExpression.EvaluateAsync(TemplateContext context)
   at Fluid.Ast.OutputStatement.<WriteToAsync>g__Awaited|7_0(ValueTask`1 t, TextWriter w, TextEncoder enc, TemplateContext ctx)
   at Fluid.Parser.FluidTemplate.Awaited(ValueTask`1 task, TextWriter writer, TextEncoder encoder, TemplateContext context, IReadOnlyList`1 statements, Int32 startIndex)
   at OrchardCore.DisplayManagement.Liquid.LiquidViewTemplate.RenderAsync(RazorPage`1 page)
   at Microsoft.AspNetCore.Mvc.Razor.RazorView.RenderPageCoreAsync(IRazorPage page, ViewContext context)
   at Microsoft.AspNetCore.Mvc.Razor.RazorView.RenderPageAsync(IRazorPage page, ViewContext context, Boolean invokeViewStarts)
   at Microsoft.AspNetCore.Mvc.Razor.RazorView.RenderAsync(ViewContext context)
   at Microsoft.AspNetCore.Mvc.ViewFeatures.HtmlHelper.RenderPartialCoreAsync(String partialViewName, Object model, ViewDataDictionary viewData, TextWriter writer)
   at Microsoft.AspNetCore.Mvc.ViewFeatures.HtmlHelper.PartialAsync(String partialViewName, Object model, ViewDataDictionary viewData)
   at OrchardCore.DisplayManagement.Implementation.DefaultHtmlDisplay.<ProcessAsync>g__Awaited|11_0(Task`1 task)
   at OrchardCore.DisplayManagement.Implementation.DefaultHtmlDisplay.ExecuteAsync(DisplayContext context)
   at OrchardCore.DisplayManagement.Implementation.DefaultHtmlDisplay.ExecuteAsync(DisplayContext context)
   at CallSite.Target(Closure , CallSite , Object )
   at AspNetCoreGeneratedDocument.Views_Item_Display.ExecuteAsync()
   at Microsoft.AspNetCore.Mvc.Razor.RazorView.RenderPageCoreAsync(IRazorPage page, ViewContext context)
   at Microsoft.AspNetCore.Mvc.Razor.RazorView.RenderPageAsync(IRazorPage page, ViewContext context, Boolean invokeViewStarts)
   at Microsoft.AspNetCore.Mvc.Razor.RazorView.RenderAsync(ViewContext context)
   at Microsoft.AspNetCore.Mvc.ViewFeatures.ViewExecutor.ExecuteAsync(ViewContext viewContext, String contentType, Nullable`1 statusCode)
   at Microsoft.AspNetCore.Mvc.ViewFeatures.ViewExecutor.ExecuteAsync(ViewContext viewContext, String contentType, Nullable`1 statusCode)
   at Microsoft.AspNetCore.Mvc.ViewFeatures.ViewExecutor.ExecuteAsync(ActionContext actionContext, IView view, ViewDataDictionary viewData, ITempDataDictionary tempData, String contentType, Nullable`1 statusCode)
   at Microsoft.AspNetCore.Mvc.ViewFeatures.ViewResultExecutor.ExecuteAsync(ActionContext context, ViewResult result)
   at Microsoft.AspNetCore.Mvc.ViewResult.ExecuteResultAsync(ActionContext context)
   at Microsoft.AspNetCore.Mvc.Infrastructure.ResourceInvoker.<InvokeNextResultFilterAsync>g__Awaited|30_0[TFilter,TFilterAsync](ResourceInvoker invoker, Task lastTask, State next, Scope scope, Object state, Boolean isCompleted)
   at Microsoft.AspNetCore.Mvc.Infrastructure.ResourceInvoker.Rethrow(ResultExecutedContextSealed context)
   at Microsoft.AspNetCore.Mvc.Infrastructure.ResourceInvoker.ResultNext[TFilter,TFilterAsync](State& next, Scope& scope, Object& state, Boolean& isCompleted)
   at Microsoft.AspNetCore.Mvc.Infrastructure.ResourceInvoker.InvokeResultFilters()
--- End of stack trace from previous location ---
   at Microsoft.AspNetCore.Mvc.Infrastructure.ResourceInvoker.<InvokeNextResourceFilter>g__Awaited|25_0(ResourceInvoker invoker, Task lastTask, State next, Scope scope, Object state, Boolean isCompleted)
   at Microsoft.AspNetCore.Mvc.Infrastructure.ResourceInvoker.Rethrow(ResourceExecutedContextSealed context)
   at Microsoft.AspNetCore.Mvc.Infrastructure.ResourceInvoker.Next(State& next, Scope& scope, Object& state, Boolean& isCompleted)
   at Microsoft.AspNetCore.Mvc.Infrastructure.ResourceInvoker.<InvokeFilterPipelineAsync>g__Awaited|20_0(ResourceInvoker invoker, Task lastTask, State next, Scope scope, Object state, Boolean isCompleted)
   at Microsoft.AspNetCore.Mvc.Infrastructure.ResourceInvoker.<InvokeAsync>g__Awaited|17_0(ResourceInvoker invoker, Task task, IDisposable scope)
   at Microsoft.AspNetCore.Mvc.Infrastructure.ResourceInvoker.<InvokeAsync>g__Awaited|17_0(ResourceInvoker invoker, Task task, IDisposable scope)
   at Microsoft.AspNetCore.Routing.EndpointMiddleware.<Invoke>g__AwaitRequestTask|6_0(Endpoint endpoint, Task requestTask, ILogger logger)
   at SixLabors.ImageSharp.Web.Middleware.ImageSharpMiddleware.Invoke(HttpContext httpContext, Boolean retry)
   at Microsoft.AspNetCore.Authorization.AuthorizationMiddleware.Invoke(HttpContext context)
   at OrchardCore.Liquid.ScriptsMiddleware.Invoke(HttpContext httpContext)
   at Microsoft.AspNetCore.Authentication.AuthenticationMiddleware.Invoke(HttpContext context)
   at OrchardCore.Diagnostics.DiagnosticsStartupFilter.<>c__DisplayClass3_0.<<Configure>b__1>d.MoveNext()
--- End of stack trace from previous location ---
   at Microsoft.AspNetCore.Diagnostics.StatusCodePagesMiddleware.Invoke(HttpContext context)
   at OrchardCore.ContentPreview.PreviewStartupFilter.<>c.<<Configure>b__1_1>d.MoveNext()
--- End of stack trace from previous location ---
   at OrchardCore.Modules.ModularTenantRouterMiddleware.Invoke(HttpContext httpContext)
   at OrchardCore.Modules.ModularTenantContainerMiddleware.<>c__DisplayClass4_0.<<Invoke>b__0>d.MoveNext()
--- End of stack trace from previous location ---
   at OrchardCore.Environment.Shell.Scope.ShellScope.UsingAsync(Func`2 execute, Boolean activateShell)
   at OrchardCore.Environment.Shell.Scope.ShellScope.UsingAsync(Func`2 execute, Boolean activateShell)
   at OrchardCore.Environment.Shell.Scope.ShellScope.UsingAsync(Func`2 execute, Boolean activateShell)
   at OrchardCore.Environment.Shell.Scope.ShellScope.UsingAsync(Func`2 execute, Boolean activateShell)
   at OrchardCore.Modules.ModularTenantContainerMiddleware.Invoke(HttpContext httpContext)
   at Microsoft.AspNetCore.Diagnostics.DeveloperExceptionPageMiddleware.Invoke(HttpContext context)    at OrchardCore.DisplayManagement.Implementation.DefaultHtmlDisplay.ExecuteAsync(DisplayContext context)
   at OrchardCore.DisplayManagement.Implementation.DefaultHtmlDisplay.ExecuteAsync(DisplayContext context)
   at AspNetCoreGeneratedDocument.Views_BagPart.ExecuteAsync()
   at Microsoft.AspNetCore.Mvc.Razor.RazorView.RenderPageCoreAsync(IRazorPage page, ViewContext context)
   at Microsoft.AspNetCore.Mvc.Razor.RazorView.RenderPageAsync(IRazorPage page, ViewContext context, Boolean invokeViewStarts)
   at Microsoft.AspNetCore.Mvc.Razor.RazorView.RenderAsync(ViewContext context)
   at Microsoft.AspNetCore.Mvc.ViewFeatures.HtmlHelper.RenderPartialCoreAsync(String partialViewName, Object model, ViewDataDictionary viewData, TextWriter writer)
   at Microsoft.AspNetCore.Mvc.ViewFeatures.HtmlHelper.PartialAsync(String partialViewName, Object model, ViewDataDictionary viewData)
   at OrchardCore.DisplayManagement.Implementation.DefaultHtmlDisplay.<ProcessAsync>g__Awaited|11_0(Task`1 task)
   at OrchardCore.DisplayManagement.Implementation.DefaultHtmlDisplay.ExecuteAsync(DisplayContext context)
   at OrchardCore.DisplayManagement.Implementation.DefaultHtmlDisplay.ExecuteAsync(DisplayContext context)
   at OrchardCore.DisplayManagement.Zones.ZoneShapes.ContentZone(IDisplayHelper DisplayAsync, Object Shape, IShapeFactory ShapeFactory)
   at OrchardCore.DisplayManagement.Implementation.DefaultHtmlDisplay.<ProcessAsync>g__Awaited|11_0(Task`1 task)
   at OrchardCore.DisplayManagement.Implementation.DefaultHtmlDisplay.ExecuteAsync(DisplayContext context)
   at OrchardCore.DisplayManagement.Implementation.DefaultHtmlDisplay.ExecuteAsync(DisplayContext context)
   at OrchardCore.DisplayManagement.Liquid.Filters.ShapeRenderFilter.<ProcessAsync>g__Awaited|2_0(Task`1 task)
   at Fluid.Ast.FilterExpression.EvaluateAsync(TemplateContext context)
   at Fluid.Ast.OutputStatement.<WriteToAsync>g__Awaited|7_0(ValueTask`1 t, TextWriter w, TextEncoder enc, TemplateContext ctx)
   at Fluid.Parser.FluidTemplate.Awaited(ValueTask`1 task, TextWriter writer, TextEncoder encoder, TemplateContext context, IReadOnlyList`1 statements, Int32 startIndex)
   at OrchardCore.DisplayManagement.Liquid.LiquidViewTemplate.RenderAsync(RazorPage`1 page)
   at Microsoft.AspNetCore.Mvc.Razor.RazorView.RenderPageCoreAsync(IRazorPage page, ViewContext context)
   at Microsoft.AspNetCore.Mvc.Razor.RazorView.RenderPageAsync(IRazorPage page, ViewContext context, Boolean invokeViewStarts)
   at Microsoft.AspNetCore.Mvc.Razor.RazorView.RenderAsync(ViewContext context)
   at Microsoft.AspNetCore.Mvc.ViewFeatures.HtmlHelper.RenderPartialCoreAsync(String partialViewName, Object model, ViewDataDictionary viewData, TextWriter writer)
   at Microsoft.AspNetCore.Mvc.ViewFeatures.HtmlHelper.PartialAsync(String partialViewName, Object model, ViewDataDictionary viewData)
   at OrchardCore.DisplayManagement.Implementation.DefaultHtmlDisplay.<ProcessAsync>g__Awaited|11_0(Task`1 task)
   at OrchardCore.DisplayManagement.Implementation.DefaultHtmlDisplay.ExecuteAsync(DisplayContext context)
   at OrchardCore.DisplayManagement.Implementation.DefaultHtmlDisplay.ExecuteAsync(DisplayContext context)
   at CallSite.Target(Closure , CallSite , Object )
   at AspNetCoreGeneratedDocument.Views_Item_Display.ExecuteAsync()
   at Microsoft.AspNetCore.Mvc.Razor.RazorView.RenderPageCoreAsync(IRazorPage page, ViewContext context)
   at Microsoft.AspNetCore.Mvc.Razor.RazorView.RenderPageAsync(IRazorPage page, ViewContext context, Boolean invokeViewStarts)
   at Microsoft.AspNetCore.Mvc.Razor.RazorView.RenderAsync(ViewContext context)
   at Microsoft.AspNetCore.Mvc.ViewFeatures.ViewExecutor.ExecuteAsync(ViewContext viewContext, String contentType, Nullable`1 statusCode)
   at Microsoft.AspNetCore.Mvc.ViewFeatures.ViewExecutor.ExecuteAsync(ViewContext viewContext, String contentType, Nullable`1 statusCode)
   at Microsoft.AspNetCore.Mvc.ViewFeatures.ViewExecutor.ExecuteAsync(ActionContext actionContext, IView view, ViewDataDictionary viewData, ITempDataDictionary tempData, String contentType, Nullable`1 statusCode)
   at Microsoft.AspNetCore.Mvc.ViewFeatures.ViewResultExecutor.ExecuteAsync(ActionContext context, ViewResult result)
   at Microsoft.AspNetCore.Mvc.ViewResult.ExecuteResultAsync(ActionContext context)
   at Microsoft.AspNetCore.Mvc.Infrastructure.ResourceInvoker.<InvokeNextResultFilterAsync>g__Awaited|30_0[TFilter,TFilterAsync](ResourceInvoker invoker, Task lastTask, State next, Scope scope, Object state, Boolean isCompleted)
   at Microsoft.AspNetCore.Mvc.Infrastructure.ResourceInvoker.Rethrow(ResultExecutedContextSealed context)
   at Microsoft.AspNetCore.Mvc.Infrastructure.ResourceInvoker.ResultNext[TFilter,TFilterAsync](State& next, Scope& scope, Object& state, Boolean& isCompleted)
   at Microsoft.AspNetCore.Mvc.Infrastructure.ResourceInvoker.InvokeResultFilters()
--- End of stack trace from previous location ---
   at Microsoft.AspNetCore.Mvc.Infrastructure.ResourceInvoker.<InvokeNextResourceFilter>g__Awaited|25_0(ResourceInvoker invoker, Task lastTask, State next, Scope scope, Object state, Boolean isCompleted)
   at Microsoft.AspNetCore.Mvc.Infrastructure.ResourceInvoker.Rethrow(ResourceExecutedContextSealed context)
   at Microsoft.AspNetCore.Mvc.Infrastructure.ResourceInvoker.Next(State& next, Scope& scope, Object& state, Boolean& isCompleted)
   at Microsoft.AspNetCore.Mvc.Infrastructure.ResourceInvoker.<InvokeFilterPipelineAsync>g__Awaited|20_0(ResourceInvoker invoker, Task lastTask, State next, Scope scope, Object state, Boolean isCompleted)
   at Microsoft.AspNetCore.Mvc.Infrastructure.ResourceInvoker.<InvokeAsync>g__Awaited|17_0(ResourceInvoker invoker, Task task, IDisposable scope)
   at Microsoft.AspNetCore.Mvc.Infrastructure.ResourceInvoker.<InvokeAsync>g__Awaited|17_0(ResourceInvoker invoker, Task task, IDisposable scope)
   at Microsoft.AspNetCore.Routing.EndpointMiddleware.<Invoke>g__AwaitRequestTask|6_0(Endpoint endpoint, Task requestTask, ILogger logger)
   at SixLabors.ImageSharp.Web.Middleware.ImageSharpMiddleware.Invoke(HttpContext httpContext, Boolean retry)
   at Microsoft.AspNetCore.Authorization.AuthorizationMiddleware.Invoke(HttpContext context)
   at OrchardCore.Liquid.ScriptsMiddleware.Invoke(HttpContext httpContext)
   at Microsoft.AspNetCore.Authentication.AuthenticationMiddleware.Invoke(HttpContext context)
   at OrchardCore.Diagnostics.DiagnosticsStartupFilter.<>c__DisplayClass3_0.<<Configure>b__1>d.MoveNext()
--- End of stack trace from previous location ---
   at Microsoft.AspNetCore.Diagnostics.StatusCodePagesMiddleware.Invoke(HttpContext context)
   at OrchardCore.ContentPreview.PreviewStartupFilter.<>c.<<Configure>b__1_1>d.MoveNext()
--- End of stack trace from previous location ---
   at OrchardCore.Modules.ModularTenantRouterMiddleware.Invoke(HttpContext httpContext)
   at OrchardCore.Modules.ModularTenantContainerMiddleware.<>c__DisplayClass4_0.<<Invoke>b__0>d.MoveNext()
--- End of stack trace from previous location ---
   at OrchardCore.Environment.Shell.Scope.ShellScope.UsingAsync(Func`2 execute, Boolean activateShell)
   at OrchardCore.Environment.Shell.Scope.ShellScope.UsingAsync(Func`2 execute, Boolean activateShell)
   at OrchardCore.Environment.Shell.Scope.ShellScope.UsingAsync(Func`2 execute, Boolean activateShell)
   at OrchardCore.Environment.Shell.Scope.ShellScope.UsingAsync(Func`2 execute, Boolean activateShell)
   at OrchardCore.Modules.ModularTenantContainerMiddleware.Invoke(HttpContext httpContext)
   at Microsoft.AspNetCore.Diagnostics.DeveloperExceptionPageMiddleware.Invoke(HttpContext context)
2022-08-09 12:20:40.0115||||Microsoft.Hosting.Lifetime|INFO|Application started. Press Ctrl+C to shut down. 
2022-08-09 12:20:40.1848||||Microsoft.Hosting.Lifetime|INFO|Hosting environment: Development 
2022-08-09 12:20:40.1986||||Microsoft.Hosting.Lifetime|INFO|Content root path: C:\Users\ttrushel\Desktop\MovieTheaterTech\MovieTheaterTech 
2022-08-09 13:30:55.8743||||Microsoft.Hosting.Lifetime|INFO|Application started. Press Ctrl+C to shut down. 
2022-08-09 13:30:56.0237||||Microsoft.Hosting.Lifetime|INFO|Hosting environment: Development 
2022-08-09 13:30:56.0555||||Microsoft.Hosting.Lifetime|INFO|Content root path: C:\Users\ttrushel\Desktop\MovieTheaterTech\MovieTheaterTech 
